c:\users\admin\source\repos\pacman\x64\release\vc141.pdb
c:\users\admin\source\repos\pacman\x64\release\source.obj
c:\users\admin\source\repos\pacman\x64\release\pacman.obj
c:\users\admin\source\repos\pacman\x64\release\objects.obj
c:\users\admin\source\repos\pacman\x64\release\map.obj
c:\users\admin\source\repos\pacman\x64\release\ghosts.obj
c:\users\admin\source\repos\pacman\x64\release\gamecontroller.obj
c:\users\admin\source\repos\pacman\x64\release\fruits.obj
c:\users\admin\source\repos\pacman\x64\release\field.obj
c:\users\admin\source\repos\pacman\x64\release\booster.obj
c:\users\admin\source\repos\pacman\x64\release\coins.obj
c:\users\admin\source\repos\pacman\x64\release\border.obj
c:\users\admin\source\repos\pacman\x64\release\blinky.obj
c:\users\admin\source\repos\x64\release\pacman.exe
c:\users\admin\source\repos\x64\release\pacman.pdb
c:\users\admin\source\repos\x64\release\pacman.ipdb
c:\users\admin\source\repos\x64\release\pacman.iobj
c:\users\admin\source\repos\pacman\x64\release\pacman.tlog\cl.command.1.tlog
c:\users\admin\source\repos\pacman\x64\release\pacman.tlog\cl.read.1.tlog
c:\users\admin\source\repos\pacman\x64\release\pacman.tlog\cl.write.1.tlog
c:\users\admin\source\repos\pacman\x64\release\pacman.tlog\link.command.1.tlog
c:\users\admin\source\repos\pacman\x64\release\pacman.tlog\link.read.1.tlog
c:\users\admin\source\repos\pacman\x64\release\pacman.tlog\link.write.1.tlog
c:\users\admin\source\repos\pacman\x64\release\pacman.tlog\pacman.write.1u.tlog
