  Blinky.cpp
  Border.cpp
  Coins.cpp
  Booster.cpp
  Field.cpp
  Fruits.cpp
  GameController.cpp
c:\users\admin\source\repos\pacman\gamecontroller.cpp(16): warning C4018: >=: несоответствие типов со знаком и без знака
  Ghosts.cpp
c:\users\admin\source\repos\pacman\ghosts.cpp(122): warning C4018: <: несоответствие типов со знаком и без знака
c:\users\admin\source\repos\pacman\ghosts.cpp(124): warning C4018: <: несоответствие типов со знаком и без знака
c:\users\admin\source\repos\pacman\ghosts.cpp(139): warning C4018: <: несоответствие типов со знаком и без знака
c:\users\admin\source\repos\pacman\ghosts.cpp(141): warning C4018: <: несоответствие типов со знаком и без знака
c:\users\admin\source\repos\pacman\ghosts.cpp(145): warning C4018: <: несоответствие типов со знаком и без знака
c:\users\admin\source\repos\pacman\ghosts.cpp(153): warning C4018: <: несоответствие типов со знаком и без знака
c:\users\admin\source\repos\pacman\ghosts.cpp(173): warning C4018: <: несоответствие типов со знаком и без знака
c:\users\admin\source\repos\pacman\ghosts.cpp(185): warning C4018: <: несоответствие типов со знаком и без знака
  Map.cpp
  Objects.cpp
  Pacman.cpp
  Source.cpp
c:\users\admin\source\repos\pacman\source.cpp(978): warning C4018: <: несоответствие типов со знаком и без знака
c:\users\admin\source\repos\pacman\source.cpp(1041): warning C4018: <: несоответствие типов со знаком и без знака
c:\users\admin\source\repos\pacman\source.cpp(1043): warning C4018: <: несоответствие типов со знаком и без знака
  Создание кода
c:\users\admin\source\repos\pacman\ghosts.cpp(300): warning C4715: Ghosts::FindTargetDirect: значение возвращается не при всех путях выполнения
  All 1381 functions were compiled because no usable IPDB/IOBJ from previous compilation was found.
  Создание кода завершено
  PacMan.vcxproj -> C:\Users\Admin\source\repos\Release\PacMan.exe
